<?xml version="1.0" encoding="UTF-8"?>
<coverage generated="1560181562382" clover="3.2.0">
  <project timestamp="1560181562382" name="All files">
    <metrics statements="6" coveredstatements="6" conditionals="4" coveredconditionals="3" methods="3" coveredmethods="3" elements="13" coveredelements="12" complexity="0" loc="6" ncloc="6" packages="1" files="1" classes="1"/>
    <file name="Input.tsx" path="G:\WORK\Armada-portal\armada-admin\src\components\elements\Input.tsx">
      <metrics statements="6" coveredstatements="6" conditionals="4" coveredconditionals="3" methods="3" coveredmethods="3"/>
      <line num="5" count="1" type="stmt"/>
      <line num="8" count="16" type="stmt"/>
      <line num="21" count="1" type="stmt"/>
      <line num="56" count="16" type="stmt"/>
      <line num="57" count="16" type="stmt"/>
      <line num="64" count="2" type="stmt"/>
    </file>
  </project>
</coverage>
