{
	"G:\\WORK\\Armada-portal\\armada-admin\\src\\components\\elements\\Input.tsx": {
		"path": "G:\\WORK\\Armada-portal\\armada-admin\\src\\components\\elements\\Input.tsx",
		"statementMap": {
			"0": { "start": { "line": 5, "column": 32 }, "end": { "line": 19, "column": 1 } },
			"1": { "start": { "line": 8, "column": 2 }, "end": { "line": 17, "column": 4 } },
			"2": { "start": { "line": 21, "column": 23 }, "end": { "line": 36, "column": 1 } },
			"3": { "start": { "line": 56, "column": 6 }, "end": { "line": 56, "column": 16 } },
			"4": { "start": { "line": 57, "column": 2 }, "end": { "line": 72, "column": 4 } },
			"5": { "start": { "line": 64, "column": 20 }, "end": { "line": 64, "column": 31 } }
		},
		"fnMap": {
			"0": {
				"name": "(anonymous_0)",
				"decl": { "start": { "line": 7, "column": 1 }, "end": { "line": 7, "column": 2 } },
				"loc": { "start": { "line": 7, "column": 21 }, "end": { "line": 18, "column": 2 } },
				"line": 7
			},
			"1": {
				"name": "(anonymous_1)",
				"decl": { "start": { "line": 47, "column": 1 }, "end": { "line": 47, "column": 2 } },
				"loc": { "start": { "line": 47, "column": 10 }, "end": { "line": 73, "column": 2 } },
				"line": 47
			},
			"2": {
				"name": "(anonymous_2)",
				"decl": { "start": { "line": 64, "column": 15 }, "end": { "line": 64, "column": 16 } },
				"loc": { "start": { "line": 64, "column": 20 }, "end": { "line": 64, "column": 31 } },
				"line": 64
			}
		},
		"branchMap": {
			"0": {
				"loc": { "start": { "line": 16, "column": 14 }, "end": { "line": 16, "column": 60 } },
				"type": "cond-expr",
				"locations": [
					{ "start": { "line": 16, "column": 27 }, "end": { "line": 16, "column": 51 } },
					{ "start": { "line": 16, "column": 54 }, "end": { "line": 16, "column": 60 } }
				],
				"line": 16
			},
			"1": {
				"loc": { "start": { "line": 63, "column": 11 }, "end": { "line": 63, "column": 25 } },
				"type": "binary-expr",
				"locations": [
					{ "start": { "line": 63, "column": 11 }, "end": { "line": 63, "column": 15 } },
					{ "start": { "line": 63, "column": 19 }, "end": { "line": 63, "column": 25 } }
				],
				"line": 63
			}
		},
		"s": { "0": 1, "1": 16, "2": 1, "3": 16, "4": 16, "5": 2 },
		"f": { "0": 16, "1": 16, "2": 2 },
		"b": { "0": [0, 16], "1": [16, 8] },
		"_coverageSchema": "43e27e138ebf9cfc5966b082cf9a028302ed4184",
		"hash": "2f0267887ab5c92900c8c0ceee7f9ad20423a21e"
	}
}
